2022-01-19 11:41:01,118 INFO    : Pytorch 1.7.1+cu110
2022-01-19 11:41:01,119 INFO    : [INFO] Create Vocab, vocab path is ../data/multinews_HeterSumGraph/graphfile/cache/MultiNews/vocab
2022-01-19 11:41:01,156 INFO    : [INFO] max_size of vocab was specified as 50000; we now have 50000 words. Stopping reading.
2022-01-19 11:41:01,156 INFO    : [INFO] Finished constructing vocabulary of 50000 total words. Last word added: medicated
2022-01-19 11:41:01,263 INFO    : [INFO] Loading external word embedding...
2022-01-19 11:41:34,482 INFO    : [INFO] External Word Embedding iov count: 48908, oov count: 1092
2022-01-19 11:41:34,592 INFO    : Namespace(atten_dropout_prob=0.1, batch_size=32, bidirectional=True, cache_dir='../data/multinews_HeterSumGraph/graphfile/cache/MultiNews', cuda=True, data_dir='../data/multinews_HeterSumGraph/datasets/multinews', doc_max_timesteps=50, embed_train=False, embedding_path='../data/multinews_HeterSumGraph/Glove/glove.42B.300d.txt', feat_embed_size=50, ffn_dropout_prob=0.1, ffn_inner_hidden_size=512, gpu='1', grad_clip=True, hidden_size=64, log_root='models/20220119_HeterSumGraph_baseline_m9', lr=0.0005, lr_descent=True, lstm_hidden_state=128, lstm_layers=2, m=9, max_grad_norm=1.0, model='HDSG', n_epochs=20, n_feature_size=128, n_head=8, n_iter=1, n_layers=1, recurrent_dropout_prob=0.1, restore_model='None', save_root='models/20220119_HeterSumGraph_baseline_m9', seed=666, sent_max_len=100, use_orthnormal_init=True, vocab_size=50000, word_emb_dim=300, word_embedding=True)
2022-01-19 11:41:34,679 INFO    : [MODEL] HeterDocSumGraph 
2022-01-19 11:41:34,679 INFO    : [INFO] Start reading MultiExampleSet
2022-01-19 11:41:36,150 INFO    : [INFO] Finish reading MultiExampleSet. Total time is 1.471437, Total size is 44972
2022-01-19 11:41:36,150 INFO    : [INFO] Loading filter word File ../data/multinews_HeterSumGraph/graphfile/cache/MultiNews/filter_word.txt
2022-01-19 11:41:36,225 INFO    : [INFO] Loading word2sent TFIDF file from ../data/multinews_HeterSumGraph/graphfile/cache/MultiNews/train.w2s.tfidf.jsonl!
2022-01-19 11:41:43,267 INFO    : [INFO] Loading word2doc TFIDF file from ../data/multinews_HeterSumGraph/graphfile/cache/MultiNews/train.w2d.tfidf.jsonl!
2022-01-19 11:41:47,990 INFO    : [INFO] Start reading MultiExampleSet
2022-01-19 11:41:48,100 INFO    : [INFO] Finish reading MultiExampleSet. Total time is 0.110310, Total size is 5622
2022-01-19 11:41:48,101 INFO    : [INFO] Loading filter word File ../data/multinews_HeterSumGraph/graphfile/cache/MultiNews/filter_word.txt
2022-01-19 11:41:48,177 INFO    : [INFO] Loading word2sent TFIDF file from ../data/multinews_HeterSumGraph/graphfile/cache/MultiNews/val.w2s.tfidf.jsonl!
2022-01-19 11:41:49,024 INFO    : [INFO] Loading word2doc TFIDF file from ../data/multinews_HeterSumGraph/graphfile/cache/MultiNews/val.w2d.tfidf.jsonl!
2022-01-19 11:41:51,251 INFO    : [INFO] Use cuda
2022-01-19 11:41:51,252 INFO    : [INFO] Create new model for training...
2022-01-19 11:41:51,252 INFO    : [INFO] Starting run_training
2022-01-19 11:41:55,705 INFO    :        | end of iter   0 | time:  1.97s | train loss 0.1424 | 
2022-01-19 11:48:52,317 INFO    :        | end of iter 100 | time:  1.56s | train loss 15.1859 | 
2022-01-19 11:55:49,238 INFO    :        | end of iter 200 | time:  1.65s | train loss 14.1963 | 
2022-01-19 12:02:51,598 INFO    :        | end of iter 300 | time:  1.58s | train loss 14.1879 | 
2022-01-19 12:09:56,645 INFO    :        | end of iter 400 | time:  2.03s | train loss 13.9696 | 
2022-01-19 12:17:00,706 INFO    :        | end of iter 500 | time:  1.96s | train loss 13.9604 | 
2022-01-19 12:24:04,527 INFO    :        | end of iter 600 | time:  1.62s | train loss 13.9594 | 
2022-01-19 12:31:09,343 INFO    :        | end of iter 700 | time:  1.64s | train loss 13.9408 | 
2022-01-19 12:38:13,976 INFO    :        | end of iter 800 | time:  1.61s | train loss 13.7912 | 
2022-01-19 12:45:17,275 INFO    :        | end of iter 900 | time:  1.56s | train loss 13.7047 | 
2022-01-19 12:52:21,650 INFO    :        | end of iter 1000 | time:  1.62s | train loss 13.7887 | 
2022-01-19 12:59:26,208 INFO    :        | end of iter 1100 | time:  1.57s | train loss 13.7372 | 
2022-01-19 13:06:30,762 INFO    :        | end of iter 1200 | time:  1.57s | train loss 13.6403 | 
2022-01-19 13:13:36,342 INFO    :        | end of iter 1300 | time:  1.63s | train loss 13.7567 | 
2022-01-19 13:20:37,580 INFO    :        | end of iter 1400 | time:  1.62s | train loss 13.7256 | 
2022-01-19 13:20:56,113 INFO    : [INFO] The learning rate now is 0.000250
2022-01-19 13:20:56,114 INFO    :    | end of epoch   1 | time: 5944.86s | epoch train loss 13.9665 | 
2022-01-19 13:20:56,114 INFO    : [INFO] Found new best model with 13.966 running_train_loss. Saving to models/20220119_HeterSumGraph_baseline_m9/train/bestmodel
2022-01-19 13:20:56,191 INFO    : [INFO] Saving model to models/20220119_HeterSumGraph_baseline_m9/train/bestmodel
2022-01-19 13:20:56,191 INFO    : [INFO] Starting eval for this model ...
2022-01-19 13:41:08,404 INFO    : [INFO] End of valid | time: 1212.21s | valid loss 13.5547 | 
2022-01-19 13:41:08,404 INFO    : Rouge1:
	p:0.466476, r:0.440470, f:0.436279
Rouge2:
	p:0.160318, r:0.153815, f:0.151211
Rougel:
	p:0.382093, r:0.340122, f:0.351072

2022-01-19 13:41:08,405 INFO    : [INFO] Validset match_true 27143, pred 50448, true 50291, total 121375, match 74922
2022-01-19 13:41:08,405 INFO    : [INFO] The size of totalset is 5622, sent_number is 121375, accu is 0.617277, precision is 0.538039, recall is 0.539719, F is 0.538878
2022-01-19 13:41:08,405 INFO    : [INFO] Found new best model with 13.554666 running_avg_loss. The original loss is None, Saving to models/20220119_HeterSumGraph_baseline_m9/eval/bestmodel_0
2022-01-19 13:41:08,499 INFO    : [INFO] Found new best model with 0.538878 F. The original F is None, Saving to models/20220119_HeterSumGraph_baseline_m9/eval/bestFmodel
2022-01-19 13:41:12,792 INFO    :        | end of iter   0 | time:  1.62s | train loss 0.1287 | 
2022-01-19 13:48:13,021 INFO    :        | end of iter 100 | time:  1.62s | train loss 13.6170 | 
2022-01-19 13:55:08,566 INFO    :        | end of iter 200 | time:  1.60s | train loss 13.5429 | 
2022-01-19 14:02:05,379 INFO    :        | end of iter 300 | time:  1.51s | train loss 13.4594 | 
2022-01-19 14:09:04,052 INFO    :        | end of iter 400 | time:  1.96s | train loss 13.5517 | 
2022-01-19 14:16:02,569 INFO    :        | end of iter 500 | time:  1.58s | train loss 13.5078 | 
2022-01-19 14:22:59,230 INFO    :        | end of iter 600 | time:  1.57s | train loss 13.5055 | 
2022-01-19 14:29:53,287 INFO    :        | end of iter 700 | time:  1.57s | train loss 13.4495 | 
2022-01-19 14:36:50,077 INFO    :        | end of iter 800 | time:  1.58s | train loss 13.4414 | 
2022-01-19 14:43:45,811 INFO    :        | end of iter 900 | time:  1.57s | train loss 13.4447 | 
2022-01-19 14:50:40,862 INFO    :        | end of iter 1000 | time:  1.59s | train loss 13.3880 | 
2022-01-19 14:57:37,383 INFO    :        | end of iter 1100 | time:  1.64s | train loss 13.4652 | 
2022-01-19 15:04:35,433 INFO    :        | end of iter 1200 | time:  1.58s | train loss 13.3618 | 
2022-01-19 15:11:29,493 INFO    :        | end of iter 1300 | time:  1.45s | train loss 13.3925 | 
2022-01-19 15:18:25,319 INFO    :        | end of iter 1400 | time:  1.62s | train loss 13.4705 | 
2022-01-19 15:18:43,200 INFO    : [INFO] The learning rate now is 0.000167
2022-01-19 15:18:43,200 INFO    :    | end of epoch   2 | time: 5854.62s | epoch train loss 13.4705 | 
2022-01-19 15:18:43,200 INFO    : [INFO] Found new best model with 13.470 running_train_loss. Saving to models/20220119_HeterSumGraph_baseline_m9/train/bestmodel
2022-01-19 15:18:43,544 INFO    : [INFO] Saving model to models/20220119_HeterSumGraph_baseline_m9/train/bestmodel
2022-01-19 15:18:43,544 INFO    : [INFO] Starting eval for this model ...
2022-01-19 15:39:30,146 INFO    : [INFO] End of valid | time: 1246.60s | valid loss 13.5520 | 
2022-01-19 15:39:30,146 INFO    : Rouge1:
	p:0.476860, r:0.426731, f:0.433657
Rouge2:
	p:0.164501, r:0.149061, f:0.150652
Rougel:
	p:0.392009, r:0.334131, f:0.352069

2022-01-19 15:39:30,146 INFO    : [INFO] Validset match_true 27484, pred 50448, true 50291, total 121375, match 75604
2022-01-19 15:39:30,146 INFO    : [INFO] The size of totalset is 5622, sent_number is 121375, accu is 0.622896, precision is 0.544799, recall is 0.546499, F is 0.545648
2022-01-19 15:39:30,146 INFO    : [INFO] Found new best model with 13.552007 running_avg_loss. The original loss is 13.554666, Saving to models/20220119_HeterSumGraph_baseline_m9/eval/bestmodel_1
2022-01-19 15:39:30,245 INFO    : [INFO] Found new best model with 0.545648 F. The original F is 0.538878, Saving to models/20220119_HeterSumGraph_baseline_m9/eval/bestFmodel
2022-01-19 15:39:35,686 INFO    :        | end of iter   0 | time:  2.41s | train loss 0.1437 | 
2022-01-19 15:46:45,635 INFO    :        | end of iter 100 | time:  1.67s | train loss 13.3641 | 
2022-01-19 15:54:04,127 INFO    :        | end of iter 200 | time:  1.59s | train loss 13.3319 | 
2022-01-19 16:01:10,825 INFO    :        | end of iter 300 | time:  1.66s | train loss 13.3043 | 
2022-01-19 16:08:05,651 INFO    :        | end of iter 400 | time:  1.59s | train loss 13.2092 | 
2022-01-19 16:14:59,542 INFO    :        | end of iter 500 | time:  1.58s | train loss 13.3206 | 
2022-01-19 16:22:07,970 INFO    :        | end of iter 600 | time:  1.67s | train loss 13.3435 | 
2022-01-19 16:29:12,084 INFO    :        | end of iter 700 | time:  1.57s | train loss 13.3650 | 
2022-01-19 16:36:12,934 INFO    :        | end of iter 800 | time:  1.56s | train loss 13.1983 | 
2022-01-19 16:43:15,551 INFO    :        | end of iter 900 | time:  1.61s | train loss 13.3359 | 
2022-01-19 16:50:22,650 INFO    :        | end of iter 1000 | time:  1.57s | train loss 13.3229 | 
2022-01-19 16:57:20,007 INFO    :        | end of iter 1100 | time:  1.59s | train loss 13.3490 | 
2022-01-19 17:04:28,560 INFO    :        | end of iter 1200 | time:  1.62s | train loss 13.3256 | 
2022-01-19 17:11:27,643 INFO    :        | end of iter 1300 | time:  1.64s | train loss 13.1998 | 
2022-01-19 17:18:33,358 INFO    :        | end of iter 1400 | time:  1.69s | train loss 13.1539 | 
2022-01-19 17:18:52,936 INFO    : [INFO] The learning rate now is 0.000125
2022-01-19 17:18:52,936 INFO    :    | end of epoch   3 | time: 5962.29s | epoch train loss 13.2962 | 
2022-01-19 17:18:52,936 INFO    : [INFO] Found new best model with 13.296 running_train_loss. Saving to models/20220119_HeterSumGraph_baseline_m9/train/bestmodel
2022-01-19 17:18:53,287 INFO    : [INFO] Saving model to models/20220119_HeterSumGraph_baseline_m9/train/bestmodel
2022-01-19 17:18:53,287 INFO    : [INFO] Starting eval for this model ...
2022-01-19 17:38:57,229 INFO    : [INFO] End of valid | time: 1203.94s | valid loss 13.3241 | 
2022-01-19 17:38:57,229 INFO    : Rouge1:
	p:0.483112, r:0.419710, f:0.432521
Rouge2:
	p:0.167722, r:0.147139, f:0.151006
Rougel:
	p:0.397494, r:0.330477, f:0.352154

2022-01-19 17:38:57,229 INFO    : [INFO] Validset match_true 27598, pred 50448, true 50291, total 121375, match 75832
2022-01-19 17:38:57,229 INFO    : [INFO] The size of totalset is 5622, sent_number is 121375, accu is 0.624774, precision is 0.547058, recall is 0.548766, F is 0.547911
2022-01-19 17:38:57,229 INFO    : [INFO] Found new best model with 13.324147 running_avg_loss. The original loss is 13.552007, Saving to models/20220119_HeterSumGraph_baseline_m9/eval/bestmodel_2
2022-01-19 17:38:57,318 INFO    : [INFO] Found new best model with 0.547911 F. The original F is 0.545648, Saving to models/20220119_HeterSumGraph_baseline_m9/eval/bestFmodel
2022-01-19 17:39:02,694 INFO    :        | end of iter   0 | time:  2.40s | train loss 0.1326 | 
2022-01-19 17:46:02,073 INFO    :        | end of iter 100 | time:  1.53s | train loss 13.2346 | 
2022-01-19 17:52:57,205 INFO    :        | end of iter 200 | time:  2.00s | train loss 13.1456 | 
2022-01-19 17:59:53,165 INFO    :        | end of iter 300 | time:  1.66s | train loss 13.1790 | 
2022-01-19 18:06:51,896 INFO    :        | end of iter 400 | time:  1.55s | train loss 13.2254 | 
2022-01-19 18:13:49,376 INFO    :        | end of iter 500 | time:  1.55s | train loss 13.1326 | 
2022-01-19 18:20:46,290 INFO    :        | end of iter 600 | time:  1.56s | train loss 13.3009 | 
2022-01-19 18:27:41,148 INFO    :        | end of iter 700 | time:  1.54s | train loss 13.1079 | 
2022-01-19 18:34:36,086 INFO    :        | end of iter 800 | time:  1.99s | train loss 13.0658 | 
2022-01-19 18:41:32,705 INFO    :        | end of iter 900 | time:  1.58s | train loss 13.1723 | 
2022-01-19 18:48:29,104 INFO    :        | end of iter 1000 | time:  1.54s | train loss 13.2009 | 
2022-01-19 18:55:25,110 INFO    :        | end of iter 1100 | time:  1.56s | train loss 13.1762 | 
2022-01-19 19:02:21,542 INFO    :        | end of iter 1200 | time:  1.59s | train loss 13.1850 | 
2022-01-19 19:09:16,618 INFO    :        | end of iter 1300 | time:  1.64s | train loss 13.2567 | 
2022-01-19 19:16:11,005 INFO    :        | end of iter 1400 | time:  1.60s | train loss 13.1388 | 
2022-01-19 19:16:29,343 INFO    : [INFO] The learning rate now is 0.000100
2022-01-19 19:16:29,344 INFO    :    | end of epoch   4 | time: 5851.64s | epoch train loss 13.1805 | 
2022-01-19 19:16:29,344 INFO    : [INFO] Found new best model with 13.181 running_train_loss. Saving to models/20220119_HeterSumGraph_baseline_m9/train/bestmodel
2022-01-19 19:16:29,688 INFO    : [INFO] Saving model to models/20220119_HeterSumGraph_baseline_m9/train/bestmodel
2022-01-19 19:16:29,688 INFO    : [INFO] Starting eval for this model ...
2022-01-19 19:36:30,120 INFO    : [INFO] End of valid | time: 1200.43s | valid loss 13.2477 | 
2022-01-19 19:36:30,120 INFO    : Rouge1:
	p:0.478871, r:0.431036, f:0.437596
Rouge2:
	p:0.167132, r:0.152043, f:0.153620
Rougel:
	p:0.393420, r:0.337876, f:0.355175

2022-01-19 19:36:30,120 INFO    : [INFO] Validset match_true 27938, pred 50448, true 50291, total 121375, match 76512
2022-01-19 19:36:30,120 INFO    : [INFO] The size of totalset is 5622, sent_number is 121375, accu is 0.630377, precision is 0.553798, recall is 0.555527, F is 0.554661
2022-01-19 19:36:30,120 INFO    : [INFO] Found new best model with 13.247715 running_avg_loss. The original loss is 13.324147, Saving to models/20220119_HeterSumGraph_baseline_m9/eval/bestmodel_0
2022-01-19 19:36:30,534 INFO    : [INFO] Found new best model with 0.554661 F. The original F is 0.547911, Saving to models/20220119_HeterSumGraph_baseline_m9/eval/bestFmodel
2022-01-19 19:36:35,073 INFO    :        | end of iter   0 | time:  1.61s | train loss 0.1294 | 
2022-01-19 19:43:32,328 INFO    :        | end of iter 100 | time:  1.59s | train loss 13.0604 | 
2022-01-19 19:50:29,814 INFO    :        | end of iter 200 | time:  1.57s | train loss 13.0953 | 
2022-01-19 19:57:24,805 INFO    :        | end of iter 300 | time:  1.60s | train loss 13.0171 | 
2022-01-19 20:04:21,852 INFO    :        | end of iter 400 | time:  1.60s | train loss 13.1095 | 
2022-01-19 20:11:21,711 INFO    :        | end of iter 500 | time:  1.60s | train loss 13.2029 | 
2022-01-19 20:18:18,683 INFO    :        | end of iter 600 | time:  1.63s | train loss 13.1273 | 
2022-01-19 20:25:13,957 INFO    :        | end of iter 700 | time:  2.00s | train loss 13.1078 | 
2022-01-19 20:32:09,250 INFO    :        | end of iter 800 | time:  1.62s | train loss 13.0792 | 
2022-01-19 20:39:04,986 INFO    :        | end of iter 900 | time:  1.60s | train loss 12.9964 | 
2022-01-19 20:46:04,869 INFO    :        | end of iter 1000 | time:  1.57s | train loss 13.1541 | 
2022-01-19 20:53:03,520 INFO    :        | end of iter 1100 | time:  2.01s | train loss 13.0551 | 
2022-01-19 21:00:01,388 INFO    :        | end of iter 1200 | time:  1.64s | train loss 12.9690 | 
2022-01-19 21:06:57,633 INFO    :        | end of iter 1300 | time:  1.55s | train loss 13.1940 | 
2022-01-19 21:13:52,541 INFO    :        | end of iter 1400 | time:  1.58s | train loss 13.2405 | 
2022-01-19 21:14:10,752 INFO    : [INFO] The learning rate now is 0.000083
2022-01-19 21:14:10,752 INFO    :    | end of epoch   5 | time: 5859.86s | epoch train loss 13.1015 | 
2022-01-19 21:14:10,752 INFO    : [INFO] Found new best model with 13.101 running_train_loss. Saving to models/20220119_HeterSumGraph_baseline_m9/train/bestmodel
2022-01-19 21:14:11,107 INFO    : [INFO] Saving model to models/20220119_HeterSumGraph_baseline_m9/train/bestmodel
2022-01-19 21:14:11,108 INFO    : [INFO] Starting eval for this model ...
2022-01-19 21:34:03,676 INFO    : [INFO] End of valid | time: 1192.57s | valid loss 13.2583 | 
2022-01-19 21:34:03,676 INFO    : Rouge1:
	p:0.487361, r:0.416135, f:0.432588
Rouge2:
	p:0.169921, r:0.146581, f:0.151705
Rougel:
	p:0.399921, r:0.329942, f:0.353063

2022-01-19 21:34:03,676 INFO    : [INFO] Validset match_true 27641, pred 50448, true 50291, total 121375, match 75918
2022-01-19 21:34:03,677 INFO    : [INFO] The size of totalset is 5622, sent_number is 121375, accu is 0.625483, precision is 0.547911, recall is 0.549621, F is 0.548765
2022-01-19 21:34:08,646 INFO    :        | end of iter   0 | time:  2.35s | train loss 0.1343 | 
2022-01-19 21:41:05,091 INFO    :        | end of iter 100 | time:  1.67s | train loss 13.0998 | 
2022-01-19 21:48:02,071 INFO    :        | end of iter 200 | time:  1.62s | train loss 13.1057 | 
2022-01-19 21:54:59,043 INFO    :        | end of iter 300 | time:  1.62s | train loss 13.0099 | 
2022-01-19 22:01:57,874 INFO    :        | end of iter 400 | time:  1.62s | train loss 13.0871 | 
2022-01-19 22:08:55,462 INFO    :        | end of iter 500 | time:  1.90s | train loss 12.9741 | 
2022-01-19 22:15:51,517 INFO    :        | end of iter 600 | time:  1.63s | train loss 12.9378 | 
2022-01-19 22:22:47,065 INFO    :        | end of iter 700 | time:  1.54s | train loss 12.9934 | 
2022-01-19 22:29:42,527 INFO    :        | end of iter 800 | time:  1.56s | train loss 13.0331 | 
2022-01-19 22:36:37,674 INFO    :        | end of iter 900 | time:  1.60s | train loss 13.0831 | 
2022-01-19 22:43:33,169 INFO    :        | end of iter 1000 | time:  1.62s | train loss 13.0302 | 
2022-01-19 22:50:28,603 INFO    :        | end of iter 1100 | time:  1.59s | train loss 13.0404 | 
2022-01-19 22:57:23,241 INFO    :        | end of iter 1200 | time:  1.53s | train loss 13.0273 | 
2022-01-19 23:04:18,614 INFO    :        | end of iter 1300 | time:  1.52s | train loss 13.0413 | 
2022-01-19 23:11:13,897 INFO    :        | end of iter 1400 | time:  1.57s | train loss 12.9951 | 
2022-01-19 23:11:31,776 INFO    : [INFO] The learning rate now is 0.000071
2022-01-19 23:11:31,776 INFO    :    | end of epoch   6 | time: 5848.09s | epoch train loss 13.0324 | 
2022-01-19 23:11:31,776 INFO    : [INFO] Found new best model with 13.032 running_train_loss. Saving to models/20220119_HeterSumGraph_baseline_m9/train/bestmodel
2022-01-19 23:11:32,102 INFO    : [INFO] Saving model to models/20220119_HeterSumGraph_baseline_m9/train/bestmodel
2022-01-19 23:11:32,102 INFO    : [INFO] Starting eval for this model ...
2022-01-19 23:31:28,134 INFO    : [INFO] End of valid | time: 1196.03s | valid loss 13.2261 | 
2022-01-19 23:31:28,134 INFO    : Rouge1:
	p:0.487589, r:0.419992, f:0.435476
Rouge2:
	p:0.170521, r:0.148466, f:0.153214
Rougel:
	p:0.399497, r:0.332839, f:0.354936

2022-01-19 23:31:28,134 INFO    : [INFO] Validset match_true 27773, pred 50448, true 50291, total 121375, match 76182
2022-01-19 23:31:28,134 INFO    : [INFO] The size of totalset is 5622, sent_number is 121375, accu is 0.627658, precision is 0.550527, recall is 0.552246, F is 0.551385
2022-01-19 23:31:28,134 INFO    : [INFO] Found new best model with 13.226117 running_avg_loss. The original loss is 13.247715, Saving to models/20220119_HeterSumGraph_baseline_m9/eval/bestmodel_1
2022-01-19 23:31:32,522 INFO    :        | end of iter   0 | time:  1.53s | train loss 0.1296 | 
2022-01-19 23:38:30,406 INFO    :        | end of iter 100 | time:  1.68s | train loss 13.0445 | 
2022-01-19 23:45:31,556 INFO    :        | end of iter 200 | time:  1.61s | train loss 13.0299 | 
2022-01-19 23:52:27,985 INFO    :        | end of iter 300 | time:  1.59s | train loss 12.9813 | 
2022-01-19 23:59:21,606 INFO    :        | end of iter 400 | time:  1.59s | train loss 12.9941 | 
2022-01-20 00:06:18,171 INFO    :        | end of iter 500 | time:  1.53s | train loss 12.9804 | 
2022-01-20 00:13:11,948 INFO    :        | end of iter 600 | time:  1.58s | train loss 12.8871 | 
2022-01-20 00:20:08,844 INFO    :        | end of iter 700 | time:  1.99s | train loss 12.9587 | 
2022-01-20 00:27:07,681 INFO    :        | end of iter 800 | time:  1.50s | train loss 12.8986 | 
2022-01-20 00:34:03,210 INFO    :        | end of iter 900 | time:  1.55s | train loss 12.9455 | 
2022-01-20 00:40:59,687 INFO    :        | end of iter 1000 | time:  1.54s | train loss 12.9213 | 
2022-01-20 00:47:56,015 INFO    :        | end of iter 1100 | time:  1.99s | train loss 13.0137 | 
2022-01-20 00:54:51,711 INFO    :        | end of iter 1200 | time:  1.95s | train loss 13.0466 | 
2022-01-20 01:01:44,906 INFO    :        | end of iter 1300 | time:  2.01s | train loss 12.9066 | 
2022-01-20 01:08:40,458 INFO    :        | end of iter 1400 | time:  2.02s | train loss 13.0230 | 
2022-01-20 01:08:58,901 INFO    : [INFO] The learning rate now is 0.000063
2022-01-20 01:08:58,902 INFO    :    | end of epoch   7 | time: 5850.39s | epoch train loss 12.9749 | 
2022-01-20 01:08:58,902 INFO    : [INFO] Found new best model with 12.975 running_train_loss. Saving to models/20220119_HeterSumGraph_baseline_m9/train/bestmodel
2022-01-20 01:08:59,291 INFO    : [INFO] Saving model to models/20220119_HeterSumGraph_baseline_m9/train/bestmodel
2022-01-20 01:08:59,291 INFO    : [INFO] Starting eval for this model ...
2022-01-20 01:28:59,655 INFO    : [INFO] End of valid | time: 1200.36s | valid loss 13.2368 | 
2022-01-20 01:28:59,655 INFO    : Rouge1:
	p:0.482381, r:0.430751, f:0.439235
Rouge2:
	p:0.169621, r:0.152953, f:0.155271
Rougel:
	p:0.395343, r:0.338614, f:0.356581

2022-01-20 01:28:59,655 INFO    : [INFO] Validset match_true 28024, pred 50448, true 50291, total 121375, match 76684
2022-01-20 01:28:59,655 INFO    : [INFO] The size of totalset is 5622, sent_number is 121375, accu is 0.631794, precision is 0.555503, recall is 0.557237, F is 0.556368
2022-01-20 01:28:59,655 INFO    : [INFO] Found new best model with 0.556368 F. The original F is 0.554661, Saving to models/20220119_HeterSumGraph_baseline_m9/eval/bestFmodel
2022-01-20 01:29:04,303 INFO    :        | end of iter   0 | time:  1.63s | train loss 0.1456 | 
2022-01-20 01:36:00,410 INFO    :        | end of iter 100 | time:  1.61s | train loss 12.8832 | 
2022-01-20 01:42:57,078 INFO    :        | end of iter 200 | time:  1.48s | train loss 12.8704 | 
2022-01-20 01:49:53,124 INFO    :        | end of iter 300 | time:  1.54s | train loss 12.9454 | 
2022-01-20 01:56:49,421 INFO    :        | end of iter 400 | time:  1.52s | train loss 12.9978 | 
2022-01-20 02:03:44,250 INFO    :        | end of iter 500 | time:  1.53s | train loss 12.9229 | 
2022-01-20 02:10:39,652 INFO    :        | end of iter 600 | time:  1.63s | train loss 13.0071 | 
2022-01-20 02:17:37,300 INFO    :        | end of iter 700 | time:  1.62s | train loss 13.0516 | 
2022-01-20 02:24:34,823 INFO    :        | end of iter 800 | time:  1.57s | train loss 12.8446 | 
2022-01-20 02:31:30,580 INFO    :        | end of iter 900 | time:  1.91s | train loss 13.0057 | 
2022-01-20 02:38:26,455 INFO    :        | end of iter 1000 | time:  1.60s | train loss 12.8986 | 
2022-01-20 02:45:19,748 INFO    :        | end of iter 1100 | time:  1.58s | train loss 12.7666 | 
2022-01-20 02:52:16,405 INFO    :        | end of iter 1200 | time:  1.60s | train loss 12.9793 | 
2022-01-20 02:59:12,227 INFO    :        | end of iter 1300 | time:  1.61s | train loss 12.9388 | 
2022-01-20 03:06:09,923 INFO    :        | end of iter 1400 | time:  1.65s | train loss 12.7997 | 
2022-01-20 03:06:28,320 INFO    : [INFO] The learning rate now is 0.000056
2022-01-20 03:06:28,320 INFO    :    | end of epoch   8 | time: 5848.27s | epoch train loss 12.9230 | 
2022-01-20 03:06:28,321 INFO    : [INFO] Found new best model with 12.923 running_train_loss. Saving to models/20220119_HeterSumGraph_baseline_m9/train/bestmodel
2022-01-20 03:06:28,687 INFO    : [INFO] Saving model to models/20220119_HeterSumGraph_baseline_m9/train/bestmodel
2022-01-20 03:06:28,687 INFO    : [INFO] Starting eval for this model ...
2022-01-20 03:26:27,401 INFO    : [INFO] End of valid | time: 1198.71s | valid loss 13.2260 | 
2022-01-20 03:26:27,401 INFO    : Rouge1:
	p:0.485579, r:0.423058, f:0.436699
Rouge2:
	p:0.170171, r:0.149770, f:0.153898
Rougel:
	p:0.397416, r:0.334258, f:0.355136

2022-01-20 03:26:27,401 INFO    : [INFO] Validset match_true 27757, pred 50448, true 50291, total 121375, match 76150
2022-01-20 03:26:27,401 INFO    : [INFO] The size of totalset is 5622, sent_number is 121375, accu is 0.627394, precision is 0.550210, recall is 0.551928, F is 0.551068
2022-01-20 03:26:27,401 INFO    : [INFO] Found new best model with 13.226012 running_avg_loss. The original loss is 13.226117, Saving to models/20220119_HeterSumGraph_baseline_m9/eval/bestmodel_2
2022-01-20 03:26:31,980 INFO    :        | end of iter   0 | time:  1.60s | train loss 0.1279 | 
2022-01-20 03:33:31,931 INFO    :        | end of iter 100 | time:  1.62s | train loss 12.8872 | 
2022-01-20 03:40:27,688 INFO    :        | end of iter 200 | time:  1.57s | train loss 12.8018 | 
2022-01-20 03:47:21,968 INFO    :        | end of iter 300 | time:  1.61s | train loss 12.8195 | 
2022-01-20 03:54:19,613 INFO    :        | end of iter 400 | time:  1.65s | train loss 12.8867 | 
2022-01-20 04:01:14,300 INFO    :        | end of iter 500 | time:  1.58s | train loss 12.9199 | 
2022-01-20 04:08:08,563 INFO    :        | end of iter 600 | time:  1.62s | train loss 12.7963 | 
2022-01-20 04:15:04,261 INFO    :        | end of iter 700 | time:  1.56s | train loss 12.8567 | 
2022-01-20 04:21:59,352 INFO    :        | end of iter 800 | time:  1.59s | train loss 12.9112 | 
2022-01-20 04:28:53,830 INFO    :        | end of iter 900 | time:  1.58s | train loss 12.8744 | 
2022-01-20 04:35:48,935 INFO    :        | end of iter 1000 | time:  1.58s | train loss 12.9241 | 
2022-01-20 04:42:45,586 INFO    :        | end of iter 1100 | time:  1.59s | train loss 12.8447 | 
2022-01-20 04:49:41,555 INFO    :        | end of iter 1200 | time:  1.98s | train loss 12.9344 | 
2022-01-20 04:56:35,698 INFO    :        | end of iter 1300 | time:  1.98s | train loss 12.8175 | 
2022-01-20 05:03:32,218 INFO    :        | end of iter 1400 | time:  1.64s | train loss 12.9727 | 
2022-01-20 05:03:50,790 INFO    : [INFO] The learning rate now is 0.000050
2022-01-20 05:03:50,790 INFO    :    | end of epoch   9 | time: 5842.99s | epoch train loss 12.8749 | 
2022-01-20 05:03:50,790 INFO    : [INFO] Found new best model with 12.875 running_train_loss. Saving to models/20220119_HeterSumGraph_baseline_m9/train/bestmodel
2022-01-20 05:03:51,193 INFO    : [INFO] Saving model to models/20220119_HeterSumGraph_baseline_m9/train/bestmodel
2022-01-20 05:03:51,194 INFO    : [INFO] Starting eval for this model ...
2022-01-20 05:23:46,600 INFO    : [INFO] End of valid | time: 1195.41s | valid loss 13.2345 | 
2022-01-20 05:23:46,600 INFO    : Rouge1:
	p:0.487428, r:0.420642, f:0.435657
Rouge2:
	p:0.170749, r:0.148879, f:0.153503
Rougel:
	p:0.398996, r:0.332947, f:0.354769

2022-01-20 05:23:46,600 INFO    : [INFO] Validset match_true 27845, pred 50448, true 50291, total 121375, match 76326
2022-01-20 05:23:46,601 INFO    : [INFO] The size of totalset is 5622, sent_number is 121375, accu is 0.628844, precision is 0.551955, recall is 0.553678, F is 0.552815
2022-01-20 05:23:50,622 INFO    :        | end of iter   0 | time:  1.56s | train loss 0.1343 | 
2022-01-20 05:30:47,882 INFO    :        | end of iter 100 | time:  1.71s | train loss 12.7742 | 
2022-01-20 05:37:47,205 INFO    :        | end of iter 200 | time:  1.63s | train loss 12.9083 | 
2022-01-20 05:44:43,115 INFO    :        | end of iter 300 | time:  1.57s | train loss 12.7306 | 
2022-01-20 05:51:38,084 INFO    :        | end of iter 400 | time:  1.63s | train loss 12.8668 | 
2022-01-20 05:58:31,001 INFO    :        | end of iter 500 | time:  1.60s | train loss 12.8896 | 
2022-01-20 06:05:28,251 INFO    :        | end of iter 600 | time:  1.56s | train loss 12.8546 | 
2022-01-20 06:12:23,117 INFO    :        | end of iter 700 | time:  1.60s | train loss 12.8669 | 
2022-01-20 06:19:19,253 INFO    :        | end of iter 800 | time:  1.61s | train loss 12.7469 | 
2022-01-20 06:26:15,412 INFO    :        | end of iter 900 | time:  1.94s | train loss 12.9172 | 
2022-01-20 06:33:13,727 INFO    :        | end of iter 1000 | time:  1.56s | train loss 12.8295 | 
2022-01-20 06:40:15,144 INFO    :        | end of iter 1100 | time:  2.38s | train loss 12.8165 | 
2022-01-20 06:47:15,074 INFO    :        | end of iter 1200 | time:  2.11s | train loss 12.9032 | 
2022-01-20 06:54:13,566 INFO    :        | end of iter 1300 | time:  1.59s | train loss 12.7195 | 
2022-01-20 07:01:09,874 INFO    :        | end of iter 1400 | time:  1.63s | train loss 12.8404 | 
2022-01-20 07:01:28,570 INFO    : [INFO] The learning rate now is 0.000045
2022-01-20 07:01:28,571 INFO    :    | end of epoch  10 | time: 5861.97s | epoch train loss 12.8324 | 
2022-01-20 07:01:28,571 INFO    : [INFO] Found new best model with 12.832 running_train_loss. Saving to models/20220119_HeterSumGraph_baseline_m9/train/bestmodel
2022-01-20 07:01:28,958 INFO    : [INFO] Saving model to models/20220119_HeterSumGraph_baseline_m9/train/bestmodel
2022-01-20 07:01:28,959 INFO    : [INFO] Starting eval for this model ...
2022-01-20 07:21:28,403 INFO    : [INFO] End of valid | time: 1199.44s | valid loss 13.2276 | 
2022-01-20 07:21:28,403 INFO    : Rouge1:
	p:0.482731, r:0.428740, f:0.438337
Rouge2:
	p:0.169380, r:0.151859, f:0.154587
Rougel:
	p:0.394199, r:0.337464, f:0.355491

2022-01-20 07:21:28,404 INFO    : [INFO] Validset match_true 27885, pred 50448, true 50291, total 121375, match 76406
2022-01-20 07:21:28,404 INFO    : [INFO] The size of totalset is 5622, sent_number is 121375, accu is 0.629504, precision is 0.552747, recall is 0.554473, F is 0.553609
2022-01-20 07:21:32,446 INFO    :        | end of iter   0 | time:  1.57s | train loss 0.1319 | 
2022-01-20 07:28:29,395 INFO    :        | end of iter 100 | time:  1.65s | train loss 12.7587 | 
2022-01-20 07:35:24,862 INFO    :        | end of iter 200 | time:  1.60s | train loss 12.7385 | 
2022-01-20 07:42:20,798 INFO    :        | end of iter 300 | time:  1.53s | train loss 12.8292 | 
2022-01-20 07:49:17,960 INFO    :        | end of iter 400 | time:  2.07s | train loss 12.7850 | 
2022-01-20 07:56:16,979 INFO    :        | end of iter 500 | time:  1.98s | train loss 12.7200 | 
2022-01-20 08:03:13,591 INFO    :        | end of iter 600 | time:  1.62s | train loss 12.7653 | 
2022-01-20 08:10:12,695 INFO    :        | end of iter 700 | time:  1.63s | train loss 12.8413 | 
2022-01-20 08:17:08,309 INFO    :        | end of iter 800 | time:  1.61s | train loss 12.8925 | 
2022-01-20 08:24:03,759 INFO    :        | end of iter 900 | time:  1.60s | train loss 12.7044 | 
2022-01-20 08:30:58,981 INFO    :        | end of iter 1000 | time:  1.59s | train loss 12.7936 | 
2022-01-20 08:37:54,275 INFO    :        | end of iter 1100 | time:  1.59s | train loss 12.8494 | 
2022-01-20 08:44:51,143 INFO    :        | end of iter 1200 | time:  1.62s | train loss 12.8523 | 
2022-01-20 08:51:46,137 INFO    :        | end of iter 1300 | time:  1.53s | train loss 12.8041 | 
2022-01-20 08:58:41,821 INFO    :        | end of iter 1400 | time:  1.58s | train loss 12.7517 | 
2022-01-20 08:59:00,066 INFO    : [INFO] The learning rate now is 0.000042
2022-01-20 08:59:00,067 INFO    :    | end of epoch  11 | time: 5851.66s | epoch train loss 12.7932 | 
2022-01-20 08:59:00,067 INFO    : [INFO] Found new best model with 12.793 running_train_loss. Saving to models/20220119_HeterSumGraph_baseline_m9/train/bestmodel
2022-01-20 08:59:00,436 INFO    : [INFO] Saving model to models/20220119_HeterSumGraph_baseline_m9/train/bestmodel
2022-01-20 08:59:00,436 INFO    : [INFO] Starting eval for this model ...
2022-01-20 09:19:01,844 INFO    : [INFO] End of valid | time: 1201.41s | valid loss 13.2117 | 
2022-01-20 09:19:01,844 INFO    : Rouge1:
	p:0.483501, r:0.427066, f:0.437699
Rouge2:
	p:0.169520, r:0.151226, f:0.154300
Rougel:
	p:0.395683, r:0.336937, f:0.355802

2022-01-20 09:19:01,844 INFO    : [INFO] Validset match_true 27909, pred 50448, true 50291, total 121375, match 76454
2022-01-20 09:19:01,845 INFO    : [INFO] The size of totalset is 5622, sent_number is 121375, accu is 0.629899, precision is 0.553223, recall is 0.554950, F is 0.554085
2022-01-20 09:19:01,845 INFO    : [INFO] Found new best model with 13.211696 running_avg_loss. The original loss is 13.226012, Saving to models/20220119_HeterSumGraph_baseline_m9/eval/bestmodel_0
2022-01-20 09:19:06,521 INFO    :        | end of iter   0 | time:  1.59s | train loss 0.1228 | 
2022-01-20 09:26:06,595 INFO    :        | end of iter 100 | time:  1.96s | train loss 12.7889 | 
2022-01-20 09:33:01,621 INFO    :        | end of iter 200 | time:  1.59s | train loss 12.7155 | 
2022-01-20 09:39:59,045 INFO    :        | end of iter 300 | time:  1.55s | train loss 12.7434 | 
2022-01-20 09:46:53,927 INFO    :        | end of iter 400 | time:  1.57s | train loss 12.8273 | 
2022-01-20 09:53:47,424 INFO    :        | end of iter 500 | time:  1.55s | train loss 12.7750 | 
2022-01-20 10:00:41,099 INFO    :        | end of iter 600 | time:  1.53s | train loss 12.7113 | 
2022-01-20 10:07:36,299 INFO    :        | end of iter 700 | time:  1.56s | train loss 12.7253 | 
2022-01-20 10:14:33,756 INFO    :        | end of iter 800 | time:  1.56s | train loss 12.8384 | 
2022-01-20 10:21:27,868 INFO    :        | end of iter 900 | time:  1.63s | train loss 12.7355 | 
2022-01-20 10:28:25,396 INFO    :        | end of iter 1000 | time:  1.59s | train loss 12.6814 | 
2022-01-20 10:35:21,499 INFO    :        | end of iter 1100 | time:  1.59s | train loss 12.8490 | 
2022-01-20 10:42:16,264 INFO    :        | end of iter 1200 | time:  1.58s | train loss 12.6623 | 
2022-01-20 10:49:12,876 INFO    :        | end of iter 1300 | time:  1.59s | train loss 12.8859 | 
2022-01-20 10:56:08,996 INFO    :        | end of iter 1400 | time:  1.67s | train loss 12.6764 | 
2022-01-20 10:56:27,363 INFO    : [INFO] The learning rate now is 0.000038
2022-01-20 10:56:27,363 INFO    :    | end of epoch  12 | time: 5845.08s | epoch train loss 12.7598 | 
2022-01-20 10:56:27,363 INFO    : [INFO] Found new best model with 12.760 running_train_loss. Saving to models/20220119_HeterSumGraph_baseline_m9/train/bestmodel
2022-01-20 10:56:27,710 INFO    : [INFO] Saving model to models/20220119_HeterSumGraph_baseline_m9/train/bestmodel
2022-01-20 10:56:27,711 INFO    : [INFO] Starting eval for this model ...
2022-01-20 11:16:30,485 INFO    : [INFO] End of valid | time: 1202.77s | valid loss 13.2384 | 
2022-01-20 11:16:30,485 INFO    : Rouge1:
	p:0.483871, r:0.427347, f:0.438499
Rouge2:
	p:0.169694, r:0.151300, f:0.154566
Rougel:
	p:0.394721, r:0.336696, f:0.355503

2022-01-20 11:16:30,485 INFO    : [INFO] Validset match_true 27896, pred 50448, true 50291, total 121375, match 76428
2022-01-20 11:16:30,486 INFO    : [INFO] The size of totalset is 5622, sent_number is 121375, accu is 0.629685, precision is 0.552965, recall is 0.554692, F is 0.553827
2022-01-20 11:16:34,614 INFO    :        | end of iter   0 | time:  1.62s | train loss 0.1348 | 
2022-01-20 11:23:31,996 INFO    :        | end of iter 100 | time:  1.57s | train loss 12.7368 | 
2022-01-20 11:30:28,964 INFO    :        | end of iter 200 | time:  1.58s | train loss 12.7073 | 
2022-01-20 11:37:27,093 INFO    :        | end of iter 300 | time:  1.64s | train loss 12.7910 | 
2022-01-20 11:44:25,002 INFO    :        | end of iter 400 | time:  1.61s | train loss 12.6287 | 
2022-01-20 11:51:21,640 INFO    :        | end of iter 500 | time:  1.63s | train loss 12.8049 | 
2022-01-20 11:58:18,770 INFO    :        | end of iter 600 | time:  1.60s | train loss 12.6863 | 
2022-01-20 12:05:14,478 INFO    :        | end of iter 700 | time:  1.59s | train loss 12.6796 | 
2022-01-20 12:12:11,879 INFO    :        | end of iter 800 | time:  1.54s | train loss 12.7082 | 
2022-01-20 12:19:06,449 INFO    :        | end of iter 900 | time:  1.61s | train loss 12.7609 | 
2022-01-20 12:26:02,341 INFO    :        | end of iter 1000 | time:  1.58s | train loss 12.7296 | 
2022-01-20 12:32:58,178 INFO    :        | end of iter 1100 | time:  1.57s | train loss 12.7435 | 
2022-01-20 12:39:53,523 INFO    :        | end of iter 1200 | time:  1.56s | train loss 12.6701 | 
2022-01-20 12:46:51,758 INFO    :        | end of iter 1300 | time:  1.59s | train loss 12.8280 | 
2022-01-20 12:53:48,697 INFO    :        | end of iter 1400 | time:  1.57s | train loss 12.6724 | 
2022-01-20 12:54:07,449 INFO    : [INFO] The learning rate now is 0.000036
2022-01-20 12:54:07,450 INFO    :    | end of epoch  13 | time: 5856.96s | epoch train loss 12.7262 | 
2022-01-20 12:54:07,450 INFO    : [INFO] Found new best model with 12.726 running_train_loss. Saving to models/20220119_HeterSumGraph_baseline_m9/train/bestmodel
2022-01-20 12:54:07,798 INFO    : [INFO] Saving model to models/20220119_HeterSumGraph_baseline_m9/train/bestmodel
2022-01-20 12:54:07,799 INFO    : [INFO] Starting eval for this model ...
2022-01-20 13:14:03,802 INFO    : [INFO] End of valid | time: 1196.00s | valid loss 13.2474 | 
2022-01-20 13:14:03,802 INFO    : Rouge1:
	p:0.489325, r:0.417797, f:0.435036
Rouge2:
	p:0.171764, r:0.147995, f:0.153481
Rougel:
	p:0.399069, r:0.331976, f:0.354374

2022-01-20 13:14:03,802 INFO    : [INFO] Validset match_true 27683, pred 50448, true 50291, total 121375, match 76002
2022-01-20 13:14:03,802 INFO    : [INFO] The size of totalset is 5622, sent_number is 121375, accu is 0.626175, precision is 0.548743, recall is 0.550456, F is 0.549599
2022-01-20 13:14:07,846 INFO    :        | end of iter   0 | time:  1.55s | train loss 0.1304 | 
2022-01-20 13:21:04,489 INFO    :        | end of iter 100 | time:  1.56s | train loss 12.7185 | 
2022-01-20 13:28:02,329 INFO    :        | end of iter 200 | time:  1.58s | train loss 12.6116 | 
2022-01-20 13:34:59,098 INFO    :        | end of iter 300 | time:  1.60s | train loss 12.6284 | 
2022-01-20 13:41:57,318 INFO    :        | end of iter 400 | time:  1.59s | train loss 12.7307 | 
2022-01-20 13:48:54,135 INFO    :        | end of iter 500 | time:  1.59s | train loss 12.6687 | 
2022-01-20 13:55:48,156 INFO    :        | end of iter 600 | time:  1.57s | train loss 12.4544 | 
2022-01-20 14:02:41,768 INFO    :        | end of iter 700 | time:  1.63s | train loss 12.6663 | 
2022-01-20 14:09:39,390 INFO    :        | end of iter 800 | time:  1.61s | train loss 12.7410 | 
2022-01-20 14:16:36,492 INFO    :        | end of iter 900 | time:  1.59s | train loss 12.6853 | 
2022-01-20 14:23:32,514 INFO    :        | end of iter 1000 | time:  1.60s | train loss 12.6481 | 
2022-01-20 14:30:30,203 INFO    :        | end of iter 1100 | time:  1.58s | train loss 12.7435 | 
2022-01-20 14:37:25,602 INFO    :        | end of iter 1200 | time:  1.57s | train loss 12.7634 | 
2022-01-20 14:44:23,497 INFO    :        | end of iter 1300 | time:  1.59s | train loss 12.7209 | 
2022-01-20 14:51:20,631 INFO    :        | end of iter 1400 | time:  1.97s | train loss 12.8175 | 
2022-01-20 14:51:39,203 INFO    : [INFO] The learning rate now is 0.000033
2022-01-20 14:51:39,204 INFO    :    | end of epoch  14 | time: 5855.40s | epoch train loss 12.6883 | 
2022-01-20 14:51:39,204 INFO    : [INFO] Found new best model with 12.688 running_train_loss. Saving to models/20220119_HeterSumGraph_baseline_m9/train/bestmodel
2022-01-20 14:51:39,568 INFO    : [INFO] Saving model to models/20220119_HeterSumGraph_baseline_m9/train/bestmodel
2022-01-20 14:51:39,569 INFO    : [INFO] Starting eval for this model ...
2022-01-20 15:11:36,703 INFO    : [INFO] End of valid | time: 1197.13s | valid loss 13.2797 | 
2022-01-20 15:11:36,703 INFO    : Rouge1:
	p:0.489179, r:0.417288, f:0.434849
Rouge2:
	p:0.171440, r:0.147438, f:0.153085
Rougel:
	p:0.398972, r:0.331520, f:0.354117

2022-01-20 15:11:36,703 INFO    : [INFO] Validset match_true 27607, pred 50448, true 50291, total 121375, match 75850
2022-01-20 15:11:36,704 INFO    : [INFO] The size of totalset is 5622, sent_number is 121375, accu is 0.624923, precision is 0.547237, recall is 0.548945, F is 0.548090
2022-01-20 15:11:36,709 ERROR   : [Error] val loss does not descent for three times. Stopping supervisor...
2022-01-20 15:11:36,843 INFO    : [INFO] Saving model to models/20220119_HeterSumGraph_baseline_m9/train/earlystop
[nltk_data] Downloading package stopwords to /home/alva/nltk_data...
[nltk_data]   Package stopwords is already up-to-date!
